<?xml version="1.0" encoding="utf-8"?><testsuites><testsuite name="pytest" errors="0" failures="0" skipped="0" tests="4" time="3.733" timestamp="2023-02-06T23:09:43.853281" hostname="fv-az674-912"><testcase classname="tests.smoke_test.SmokeTests" name="test_100_Verify_Close_Approach_Data" time="0.313" /><testcase classname="tests.smoke_test.SmokeTests" name="test_150_Verify_Close_Approach_Data_Sorted_by_Distance" time="2.869" /><testcase classname="tests.smoke_test.SmokeTests" name="test_200_Verify_Status_Code_400" time="0.231" /><testcase classname="tests.smoke_test.SmokeTests" name="test_300_Verify_Status_Code_405" time="0.225" /></testsuite></testsuites>