<?xml version="1.0" encoding="utf-8"?><testsuites><testsuite name="pytest" errors="0" failures="0" skipped="0" tests="4" time="4.061" timestamp="2023-02-06T23:17:45.985939" hostname="fv-az365-916"><testcase classname="tests.smoke_test.SmokeTests" name="test_100_Verify_Close_Approach_Data" time="0.490" /><testcase classname="tests.smoke_test.SmokeTests" name="test_150_Verify_Close_Approach_Data_Sorted_by_Distance" time="2.647" /><testcase classname="tests.smoke_test.SmokeTests" name="test_200_Verify_Status_Code_400" time="0.421" /><testcase classname="tests.smoke_test.SmokeTests" name="test_300_Verify_Status_Code_405" time="0.402" /></testsuite></testsuites>